<?xml version="1.0" encoding="UTF-8"?>
<!-- Generated by org.testng.reporters.JUnitReportReporter -->
<testsuite hostname="DESKTOP-MB9FBLQ" failures="0" tests="3" name="scoreAppTest.TeamStatsTest" time="115.022" errors="0" timestamp="2023-03-31T19:10:16 EDT" skipped="0">
  <testcase classname="scoreAppTest.TeamStatsTest" name="ValidateTeamStats" time="37.865"/>
  <system-out/>
  <testcase classname="scoreAppTest.TeamStatsTest" name="ValidateTeamStats" time="37.852"/>
  <system-out/>
  <testcase classname="scoreAppTest.TeamStatsTest" name="ValidateTeamStats" time="39.305"/>
  <system-out/>
</testsuite> <!-- scoreAppTest.TeamStatsTest -->
