<?xml version="1.0" encoding="UTF-8"?>
<!-- Generated by org.testng.reporters.JUnitReportReporter -->
<testsuite hostname="DESKTOP-MB9FBLQ" failures="0" tests="3" name="scoreAppTest.TeamStatsTest" time="111.273" errors="0" timestamp="2023-03-30T19:09:45 EDT" skipped="0">
  <testcase classname="scoreAppTest.TeamStatsTest" name="ValidateTeamStats" time="37.703"/>
  <system-out/>
  <testcase classname="scoreAppTest.TeamStatsTest" name="ValidateTeamStats" time="35.800"/>
  <system-out/>
  <testcase classname="scoreAppTest.TeamStatsTest" name="ValidateTeamStats" time="37.770"/>
  <system-out/>
</testsuite> <!-- scoreAppTest.TeamStatsTest -->
